Arguments: 
  C:\Program Files\nodejs\node.exe C:\Users\Deadly\AppData\Roaming\npm\node_modules\yarn\bin\yarn.js add babel-preset-react@6.24.1 babel-preset.env@1.5.2

PATH: 
  C:\Users\Deadly\bin;C:\Program Files\Git\mingw64\bin;C:\Program Files\Git\usr\local\bin;C:\Program Files\Git\usr\bin;C:\Program Files\Git\usr\bin;C:\Program Files\Git\mingw64\bin;C:\Program Files\Git\usr\bin;C:\Users\Deadly\bin;C:\Windows\system32;C:\Windows;C:\Windows\System32\Wbem;C:\Windows\System32\WindowsPowerShell\v1.0;C:\Windows\System32\OpenSSH;C:\Program Files\Microsoft VS Code\bin;C:\Program Files\Git\cmd;C:\Program Files\nodejs;C:\Users\Deadly\AppData\Local\Microsoft\WindowsApps;C:\Users\Deadly\AppData\Roaming\npm;C:\Program Files\Git\usr\bin\vendor_perl;C:\Program Files\Git\usr\bin\core_perl

Yarn version: 
  1.9.4

Node version: 
  8.11.3

Platform: 
  win32 x64

Trace: 
  Error: https://registry.yarnpkg.com/babel-preset.env: Not found
      at Request.params.callback [as _callback] (C:\Users\Deadly\AppData\Roaming\npm\node_modules\yarn\lib\cli.js:64202:18)
      at Request.self.callback (C:\Users\Deadly\AppData\Roaming\npm\node_modules\yarn\lib\cli.js:137468:22)
      at emitTwo (events.js:126:13)
      at Request.emit (events.js:214:7)
      at Request.<anonymous> (C:\Users\Deadly\AppData\Roaming\npm\node_modules\yarn\lib\cli.js:138440:10)
      at emitOne (events.js:116:13)
      at Request.emit (events.js:211:7)
      at IncomingMessage.<anonymous> (C:\Users\Deadly\AppData\Roaming\npm\node_modules\yarn\lib\cli.js:138362:12)
      at Object.onceWrapper (events.js:313:30)
      at emitNone (events.js:111:20)

npm manifest: 
  {
    "name": "indecision-app",
    "version": "1.0.0",
    "description": "",
    "main": "index.js",
    "scripts": {
      "test": "echo \"Error: no test specified\" && exit 1"
    },
    "author": "Abhishek",
    "license": "ISC"
  }

yarn manifest: 
  No manifest

Lockfile: 
  No lockfile
